---------------------------------------
---------------------------------------
Begin Slurm Prolog: Jul-31-2025 16:28:49
Begin Slurm Prolog: Jul-31-2025 16:28:49
Job ID:    6333299
Job ID:    6333301
User ID:   vsuarez6
User ID:   vsuarez6
Account:   gts-jkretchmer3-chemx
Account:   gts-jkretchmer3-chemx
Job name:  kcrpmd_therm
Job name:  kcrpmd_therm
Partition: cpu-large
Partition: cpu-large
QOS:       inferno
QOS:       inferno
---------------------------------------
---------------------------------------
---------------------------------------
Begin Slurm Epilog: Jul-31-2025 16:33:10
Job ID:        6333287
User ID:       vsuarez6
Account:       gts-jkretchmer3-chemx
Job name:      kcrpmd_therm
Resources:     cpu=1,mem=64G,node=1
Rsrc Used:     cput=00:14:02,vmem=0,walltime=00:14:02,mem=9833644K,energy_used=0
Partition:     cpu-large
QOS:           inferno
Nodes:         atl1-1-02-004-1-1
---------------------------------------
---------------------------------------
Begin Slurm Epilog: Jul-31-2025 16:36:05
Job ID:        6333288
User ID:       vsuarez6
Account:       gts-jkretchmer3-chemx
Job name:      kcrpmd_therm
Resources:     cpu=1,mem=64G,node=1
Rsrc Used:     cput=00:15:55,vmem=0,walltime=00:15:55,mem=9833364K,energy_used=0
Partition:     cpu-large
QOS:           inferno
Nodes:         atl1-1-03-004-14-1
---------------------------------------
---------------------------------------
Begin Slurm Epilog: Jul-31-2025 16:39:25
Job ID:        6333290
User ID:       vsuarez6
Account:       gts-jkretchmer3-chemx
Job name:      kcrpmd_therm
Resources:     cpu=1,mem=64G,node=1
Rsrc Used:     cput=00:14:40,vmem=0,walltime=00:14:40,mem=9836172K,energy_used=0
Partition:     cpu-large
QOS:           inferno
Nodes:         atl1-1-03-004-9-1
---------------------------------------
---------------------------------------
Begin Slurm Epilog: Jul-31-2025 16:40:05
Job ID:        6333292
User ID:       vsuarez6
Account:       gts-jkretchmer3-chemx
Job name:      kcrpmd_therm
Resources:     cpu=1,mem=64G,node=1
Rsrc Used:     cput=00:14:50,vmem=0,walltime=00:14:50,mem=9839432K,energy_used=0
Partition:     cpu-large
QOS:           inferno
Nodes:         atl1-1-02-020-35-2
---------------------------------------
---------------------------------------
Begin Slurm Epilog: Jul-31-2025 16:40:21
Job ID:        6333298
User ID:       vsuarez6
Account:       gts-jkretchmer3-chemx
Job name:      kcrpmd_therm
Resources:     cpu=1,mem=64G,node=1
Rsrc Used:     cput=00:14:05,vmem=0,walltime=00:14:05,mem=9837328K,energy_used=0
Partition:     cpu-large
QOS:           inferno
Nodes:         atl1-1-02-004-2-2
---------------------------------------
---------------------------------------
Begin Slurm Epilog: Jul-31-2025 16:41:35
Job ID:        6333296
User ID:       vsuarez6
Account:       gts-jkretchmer3-chemx
Job name:      kcrpmd_therm
Resources:     cpu=1,mem=64G,node=1
Rsrc Used:     cput=00:15:49,vmem=0,walltime=00:15:49,mem=9832880K,energy_used=0
Partition:     cpu-large
QOS:           inferno
Nodes:         atl1-1-03-004-14-1
---------------------------------------
---------------------------------------
Begin Slurm Epilog: Jul-31-2025 16:41:39
Job ID:        6333295
User ID:       vsuarez6
Account:       gts-jkretchmer3-chemx
Job name:      kcrpmd_therm
Resources:     cpu=1,mem=64G,node=1
Rsrc Used:     cput=00:15:53,vmem=0,walltime=00:15:53,mem=9833688K,energy_used=0
Partition:     cpu-large
QOS:           inferno
Nodes:         atl1-1-03-004-14-1
---------------------------------------
---------------------------------------
Begin Slurm Epilog: Jul-31-2025 16:41:41
Job ID:        6333293
User ID:       vsuarez6
Account:       gts-jkretchmer3-chemx
Job name:      kcrpmd_therm
Resources:     cpu=1,mem=64G,node=1
Rsrc Used:     cput=00:15:55,vmem=0,walltime=00:15:55,mem=9832260K,energy_used=0
Partition:     cpu-large
QOS:           inferno
Nodes:         atl1-1-03-004-14-1
---------------------------------------
---------------------------------------
Begin Slurm Epilog: Jul-31-2025 16:44:28
Job ID:        6333299
User ID:       vsuarez6
Account:       gts-jkretchmer3-chemx
Job name:      kcrpmd_therm
Resources:     cpu=1,mem=64G,node=1
Rsrc Used:     cput=00:15:40,vmem=0,walltime=00:15:40,mem=9833084K,energy_used=0
Partition:     cpu-large
QOS:           inferno
Nodes:         atl1-1-03-004-14-1
---------------------------------------
---------------------------------------
Begin Slurm Epilog: Jul-31-2025 16:44:28
Job ID:        6333301
User ID:       vsuarez6
Account:       gts-jkretchmer3-chemx
Job name:      kcrpmd_therm
Resources:     cpu=1,mem=64G,node=1
Rsrc Used:     cput=00:15:40,vmem=0,walltime=00:15:40,mem=9832144K,energy_used=0
Partition:     cpu-large
QOS:           inferno
Nodes:         atl1-1-03-004-14-1
---------------------------------------
